0 info it worked if it ends with ok
1 verbose cli [ '/usr/bin/nodejs',
1 verbose cli   '/usr/bin/npm',
1 verbose cli   'install',
1 verbose cli   '--save',
1 verbose cli   'child_process' ]
2 info using npm@2.15.5
3 info using node@v4.4.5
4 verbose install initial load of /data/intern/wxserver/package.json
5 warn package.json wxserver@1.0.0 No description
6 warn package.json wxserver@1.0.0 No repository field.
7 warn package.json wxserver@1.0.0 No README data
8 verbose installManyTop reading scoped package data from /data/intern/wxserver/node_modules/ejs/package.json
9 verbose installManyTop reading scoped package data from /data/intern/wxserver/node_modules/express/package.json
10 verbose installManyTop reading scoped package data from /data/intern/wxserver/node_modules/express-xml-parser/package.json
11 verbose installManyTop reading scoped package data from /data/intern/wxserver/node_modules/mongoose/package.json
12 verbose installManyTop reading scoped package data from /data/intern/wxserver/node_modules/node-schedule/package.json
13 verbose installManyTop reading scoped package data from /data/intern/wxserver/node_modules/process/package.json
14 verbose installManyTop reading scoped package data from /data/intern/wxserver/node_modules/promise/package.json
15 verbose installManyTop reading scoped package data from /data/intern/wxserver/node_modules/tmpl/package.json
16 info package.json node-schedule@1.1.0 No license field.
17 info package.json process@0.11.4 process is also the name of a node core module.
18 verbose readDependencies loading dependencies from /data/intern/wxserver/package.json
19 silly cache add args [ 'child_process', null ]
20 verbose cache add spec child_process
21 silly cache add parsed spec Result {
21 silly cache add   raw: 'child_process',
21 silly cache add   scope: null,
21 silly cache add   name: 'child_process',
21 silly cache add   rawSpec: '',
21 silly cache add   spec: 'latest',
21 silly cache add   type: 'tag' }
22 silly addNamed child_process@latest
23 verbose addNamed "latest" is being treated as a dist-tag for child_process
24 info addNameTag [ 'child_process', 'latest' ]
25 silly mapToRegistry name child_process
26 silly mapToRegistry using default registry
27 silly mapToRegistry registry https://registry.npmjs.org/
28 silly mapToRegistry data Result {
28 silly mapToRegistry   raw: 'child_process',
28 silly mapToRegistry   scope: null,
28 silly mapToRegistry   name: 'child_process',
28 silly mapToRegistry   rawSpec: '',
28 silly mapToRegistry   spec: 'latest',
28 silly mapToRegistry   type: 'tag' }
29 silly mapToRegistry uri https://registry.npmjs.org/child_process
30 verbose addNameTag registry:https://registry.npmjs.org/child_process not in flight; fetching
31 verbose request uri https://registry.npmjs.org/child_process
32 verbose request no auth needed
33 info attempt registry request try #1 at 1:34:51 AM
34 verbose request id 58be98d43ce65759
35 http request GET https://registry.npmjs.org/child_process
36 http 404 https://registry.npmjs.org/child_process
37 verbose headers { 'content-type': 'application/json',
37 verbose headers   'cache-control': 'max-age=0',
37 verbose headers   'content-length': '2',
37 verbose headers   'accept-ranges': 'bytes',
37 verbose headers   date: 'Mon, 13 Jun 2016 17:34:53 GMT',
37 verbose headers   via: '1.1 varnish',
37 verbose headers   age: '0',
37 verbose headers   connection: 'keep-alive',
37 verbose headers   'x-served-by': 'cache-fra1227-FRA',
37 verbose headers   'x-cache': 'MISS',
37 verbose headers   'x-cache-hits': '0',
37 verbose headers   'x-timer': 'S1465839292.918155,VS0,VE748',
37 verbose headers   vary: 'Accept-Encoding' }
38 silly get cb [ 404,
38 silly get   { 'content-type': 'application/json',
38 silly get     'cache-control': 'max-age=0',
38 silly get     'content-length': '2',
38 silly get     'accept-ranges': 'bytes',
38 silly get     date: 'Mon, 13 Jun 2016 17:34:53 GMT',
38 silly get     via: '1.1 varnish',
38 silly get     age: '0',
38 silly get     connection: 'keep-alive',
38 silly get     'x-served-by': 'cache-fra1227-FRA',
38 silly get     'x-cache': 'MISS',
38 silly get     'x-cache-hits': '0',
38 silly get     'x-timer': 'S1465839292.918155,VS0,VE748',
38 silly get     vary: 'Accept-Encoding' } ]
39 verbose stack Error: Registry returned 404 for GET on https://registry.npmjs.org/child_process
39 verbose stack     at makeError (/usr/lib/node_modules/npm/node_modules/npm-registry-client/lib/request.js:264:12)
39 verbose stack     at CachingRegistryClient.<anonymous> (/usr/lib/node_modules/npm/node_modules/npm-registry-client/lib/request.js:242:14)
39 verbose stack     at Request._callback (/usr/lib/node_modules/npm/node_modules/npm-registry-client/lib/request.js:172:14)
39 verbose stack     at Request.self.callback (/usr/lib/node_modules/npm/node_modules/request/request.js:200:22)
39 verbose stack     at emitTwo (events.js:87:13)
39 verbose stack     at Request.emit (events.js:172:7)
39 verbose stack     at Request.<anonymous> (/usr/lib/node_modules/npm/node_modules/request/request.js:1067:10)
39 verbose stack     at emitOne (events.js:82:20)
39 verbose stack     at Request.emit (events.js:169:7)
39 verbose stack     at IncomingMessage.<anonymous> (/usr/lib/node_modules/npm/node_modules/request/request.js:988:12)
40 verbose statusCode 404
41 verbose pkgid child_process
42 verbose cwd /data/intern/wxserver
43 error Linux 3.13.0-36-generic
44 error argv "/usr/bin/nodejs" "/usr/bin/npm" "install" "--save" "child_process"
45 error node v4.4.5
46 error npm  v2.15.5
47 error code E404
48 error 404 Registry returned 404 for GET on https://registry.npmjs.org/child_process
48 error 404
48 error 404 'child_process' is not in the npm registry.
48 error 404 Your package name is not valid, because
48 error 404
48 error 404  1. child_process is a core module name
48 error 404 It was specified as a dependency of 'wxserver'
48 error 404
48 error 404 Note that you can also install from a
48 error 404 tarball, folder, http url, or git url.
49 verbose exit [ 1, true ]
